[1;35m02-06 11:23:01[0;39m [[1;33mINFO [0;39m] [36mc.p.s.SpboardApplication.logStarting[0;39m - Starting SpboardApplication using Java 17.0.12 with PID 25224 (C:\Users\ysha0\git\SpringBoard-server\build\classes\java\main started by ysha0 in C:\Users\ysha0\git\SpringBoard-server) 
[1;35m02-06 11:23:01[0;39m [[1;33mINFO [0;39m] [36mc.p.s.SpboardApplication.logStartupProfileInfo[0;39m - The following 1 profile is active: "local" 
[1;35m02-06 11:23:15[0;39m [[1;33mINFO [0;39m] [36mc.p.s.SpboardApplication.logStarted[0;39m - Started SpboardApplication in 15.406 seconds (process running for 16.304) 
[1;35m02-06 13:31:20[0;39m [[1;33mINFO [0;39m] [36mc.p.s.SpboardApplication.logStarting[0;39m - Starting SpboardApplication using Java 17.0.12 with PID 27524 (C:\Users\ysha0\git\SpringBoard-server\build\classes\java\main started by ysha0 in C:\Users\ysha0\git\SpringBoard-server) 
[1;35m02-06 13:31:20[0;39m [[1;33mINFO [0;39m] [36mc.p.s.SpboardApplication.logStartupProfileInfo[0;39m - The following 1 profile is active: "local" 
[1;35m02-06 13:31:34[0;39m [[1;33mINFO [0;39m] [36mc.p.s.SpboardApplication.logStarted[0;39m - Started SpboardApplication in 15.424 seconds (process running for 16.271) 
[1;35m02-06 13:32:19[0;39m [[1;33mINFO [0;39m] [36mc.p.s.SpboardApplication.logStarting[0;39m - Starting SpboardApplication using Java 17.0.12 with PID 22620 (C:\Users\ysha0\git\SpringBoard-server\build\classes\java\main started by ysha0 in C:\Users\ysha0\git\SpringBoard-server) 
[1;35m02-06 13:32:19[0;39m [[1;33mINFO [0;39m] [36mc.p.s.SpboardApplication.logStartupProfileInfo[0;39m - The following 1 profile is active: "local" 
[1;35m02-06 13:32:33[0;39m [[1;33mINFO [0;39m] [36mc.p.s.SpboardApplication.logStarted[0;39m - Started SpboardApplication in 15.58 seconds (process running for 16.403) 
[1;35m02-06 13:36:54[0;39m [[1;33mINFO [0;39m] [36mc.p.s.SpboardApplication.logStarting[0;39m - Starting SpboardApplication using Java 17.0.12 with PID 14652 (C:\Users\ysha0\git\SpringBoard-server\build\classes\java\main started by ysha0 in C:\Users\ysha0\git\SpringBoard-server) 
[1;35m02-06 13:36:54[0;39m [[1;33mINFO [0;39m] [36mc.p.s.SpboardApplication.logStartupProfileInfo[0;39m - The following 1 profile is active: "local" 
[1;35m02-06 13:37:09[0;39m [[1;33mINFO [0;39m] [36mc.p.s.SpboardApplication.logStarted[0;39m - Started SpboardApplication in 15.764 seconds (process running for 16.584) 
[1;35m02-06 13:38:11[0;39m [[1;33mINFO [0;39m] [36mc.p.s.SpboardApplication.logStarting[0;39m - Starting SpboardApplication using Java 17.0.12 with PID 26224 (C:\Users\ysha0\git\SpringBoard-server\build\classes\java\main started by ysha0 in C:\Users\ysha0\git\SpringBoard-server) 
[1;35m02-06 13:38:11[0;39m [[1;33mINFO [0;39m] [36mc.p.s.SpboardApplication.logStartupProfileInfo[0;39m - The following 1 profile is active: "local" 
[1;35m02-06 13:38:26[0;39m [[1;33mINFO [0;39m] [36mc.p.s.SpboardApplication.logStarted[0;39m - Started SpboardApplication in 16.212 seconds (process running for 17.02) 
[1;35m02-06 13:40:33[0;39m [[1;33mINFO [0;39m] [36mc.p.s.SpboardApplication.logStarting[0;39m - Starting SpboardApplication using Java 17.0.12 with PID 2588 (C:\Users\ysha0\git\SpringBoard-server\build\classes\java\main started by ysha0 in C:\Users\ysha0\git\SpringBoard-server) 
[1;35m02-06 13:40:33[0;39m [[1;33mINFO [0;39m] [36mc.p.s.SpboardApplication.logStartupProfileInfo[0;39m - The following 1 profile is active: "local" 
[1;35m02-06 13:40:48[0;39m [[1;33mINFO [0;39m] [36mc.p.s.SpboardApplication.logStarted[0;39m - Started SpboardApplication in 15.324 seconds (process running for 16.209) 
[1;35m02-06 13:42:25[0;39m [[1;33mINFO [0;39m] [36mc.p.s.c.l.LoggingAspect.logAround[0;39m - [97mmethod name = [1;32mMemberController[97m.[1;94mjoin 
[1;35m02-06 13:42:25[0;39m [[1;33mINFO [0;39m] [36mc.p.s.c.l.LoggingAspect.logAround[0;39m - [97mparameter type = [1;93mJoinReqDto [97mvalue = [1;94mJoinReqDto(email=email, password=password, name=name) 
[1;35m02-06 13:42:25[0;39m [[1;33mINFO [0;39m] [36mc.p.s.c.l.LoggingAspect.logAround[0;39m - [97mreturn type = [1;93mResponseEntity [97mvalue = [1;94m<200 OK OK,com.project.spboard.core.dto.ApiResponse@1947c614,[]> 
[1;35m02-06 13:43:02[0;39m [[1;33mINFO [0;39m] [36mc.p.s.SpboardApplication.logStarting[0;39m - Starting SpboardApplication using Java 17.0.12 with PID 25724 (C:\Users\ysha0\git\SpringBoard-server\build\classes\java\main started by ysha0 in C:\Users\ysha0\git\SpringBoard-server) 
[1;35m02-06 13:43:02[0;39m [[1;33mINFO [0;39m] [36mc.p.s.SpboardApplication.logStartupProfileInfo[0;39m - The following 1 profile is active: "local" 
[1;35m02-06 13:43:16[0;39m [[1;33mINFO [0;39m] [36mc.p.s.SpboardApplication.logStarted[0;39m - Started SpboardApplication in 15.285 seconds (process running for 16.137) 
[1;35m02-06 13:43:21[0;39m [[1;33mINFO [0;39m] [36mc.p.s.c.l.LoggingAspect.logAround[0;39m - [97mmethod name = [1;32mMemberController[97m.[1;94mjoin 
[1;35m02-06 13:43:21[0;39m [[1;33mINFO [0;39m] [36mc.p.s.c.l.LoggingAspect.logAround[0;39m - [97mparameter type = [1;93mJoinReqDto [97mvalue = [1;94mJoinReqDto(email=email, password=password, name=name) 
[1;35m02-06 13:43:21[0;39m [[1;33mINFO [0;39m] [36mc.p.s.c.l.LoggingAspect.logAround[0;39m - [97mreturn type = [1;93mResponseEntity [97mvalue = [1;94m<200 OK OK,com.project.spboard.core.dto.ApiResponse@4e8fa4ea,[]> 
[1;35m02-06 13:45:02[0;39m [[1;33mINFO [0;39m] [36mc.p.s.c.l.LoggingAspect.logAround[0;39m - [97mmethod name = [1;32mMemberController[97m.[1;94mjoin 
[1;35m02-06 13:45:02[0;39m [[1;33mINFO [0;39m] [36mc.p.s.c.l.LoggingAspect.logAround[0;39m - [97mparameter type = [1;93mJoinReqDto [97mvalue = [1;94mJoinReqDto(email=email, password=password, name=name) 
[1;35m02-06 13:45:02[0;39m [[1;33mERROR[0;39m] [36mo.h.e.j.s.SqlExceptionHelper.logExceptions[0;39m - Unique index or primary key violation: "PUBLIC.UKMBMCQELTY0FBRVXP1Q58DN57T_INDEX_8 ON PUBLIC.MEMBER(EMAIL NULLS FIRST) VALUES ( /* 1 */ 'email' )"; SQL statement:
insert into member (created_at,email,modified_at,name,password,role,id) values (?,?,?,?,?,?,?) [23505-232] 
[1;35m02-06 13:45:03[0;39m [[1;33mINFO [0;39m] [36mc.p.s.c.l.LoggingAspect.logAround[0;39m - [97mreturn type = [1;93mResponseEntity [97mvalue = [1;94m<500 INTERNAL_SERVER_ERROR Internal Server Error,com.project.spboard.core.dto.ApiResponse@4e7d3ec7,[]> 
[1;35m02-06 17:54:30[0;39m [[1;33mINFO [0;39m] [36mc.p.s.SpboardApplication.logStarting[0;39m - Starting SpboardApplication using Java 17.0.12 with PID 29404 (C:\Users\ysha0\git\SpringBoard-server\build\classes\java\main started by ysha0 in C:\Users\ysha0\git\SpringBoard-server) 
[1;35m02-06 17:54:30[0;39m [[1;33mINFO [0;39m] [36mc.p.s.SpboardApplication.logStartupProfileInfo[0;39m - The following 1 profile is active: "local" 
[1;35m02-06 17:54:45[0;39m [[1;33mINFO [0;39m] [36mc.p.s.SpboardApplication.logStarted[0;39m - Started SpboardApplication in 15.918 seconds (process running for 16.795) 
[1;35m02-06 17:54:59[0;39m [[1;33mINFO [0;39m] [36mc.p.s.c.l.LoggingAspect.logAround[0;39m - [97mmethod name = [1;32mMemberController[97m.[1;94mjoin 
[1;35m02-06 17:54:59[0;39m [[1;33mINFO [0;39m] [36mc.p.s.c.l.LoggingAspect.logAround[0;39m - [97mparameter type = [1;93mJoinReqDto [97mvalue = [1;94mJoinReqDto(email=email, password=password, name=name) 
[1;35m02-06 17:54:59[0;39m [[1;33mINFO [0;39m] [36mc.p.s.c.l.LoggingAspect.logAround[0;39m - [97mreturn type = [1;93mResponseEntity [97mvalue = [1;94m<200 OK OK,com.project.spboard.core.dto.ApiResponse@6f0f4760,[]> 
[1;35m02-06 17:56:36[0;39m [[1;33mINFO [0;39m] [36mc.p.s.c.l.LoggingAspect.logAround[0;39m - [97mmethod name = [1;32mMemberController[97m.[1;94mlogin 
[1;35m02-06 17:56:36[0;39m [[1;33mINFO [0;39m] [36mc.p.s.c.l.LoggingAspect.logAround[0;39m - [97mparameter type = [1;93mLoginReqDto [97mvalue = [1;94mLoginReqDto(email=email, password=password) 
[1;35m02-06 17:56:37[0;39m [[1;33mINFO [0;39m] [36mc.p.s.c.l.LoggingAspect.logAround[0;39m - [97mreturn type = [1;93mResponseEntity [97mvalue = [1;94m<200 OK OK,com.project.spboard.core.dto.ApiResponse@3b4700b6,[]> 
[1;35m02-06 17:58:17[0;39m [[1;33mINFO [0;39m] [36mc.p.s.c.l.LoggingAspect.logAround[0;39m - [97mmethod name = [1;32mMemberController[97m.[1;94mlogin 
[1;35m02-06 17:58:17[0;39m [[1;33mINFO [0;39m] [36mc.p.s.c.l.LoggingAspect.logAround[0;39m - [97mparameter type = [1;93mLoginReqDto [97mvalue = [1;94mLoginReqDto(email=email, password=password) 
[1;35m02-06 17:58:17[0;39m [[1;33mINFO [0;39m] [36mc.p.s.c.l.LoggingAspect.logAround[0;39m - [97mreturn type = [1;93mResponseEntity [97mvalue = [1;94m<200 OK OK,com.project.spboard.core.dto.ApiResponse@32b6e586,[]> 
[1;35m02-06 18:01:58[0;39m [[1;33mINFO [0;39m] [36mc.p.s.c.l.LoggingAspect.logAround[0;39m - [97mmethod name = [1;32mMemberController[97m.[1;94mlogin 
[1;35m02-06 18:01:58[0;39m [[1;33mINFO [0;39m] [36mc.p.s.c.l.LoggingAspect.logAround[0;39m - [97mparameter type = [1;93mLoginReqDto [97mvalue = [1;94mLoginReqDto(email=email, password=passwoard) 
[1;35m02-06 18:01:58[0;39m [[1;33mINFO [0;39m] [36mc.p.s.c.l.LoggingAspect.logAround[0;39m - [97mreturn type = [1;93mResponseEntity [97mvalue = [1;94m<400 BAD_REQUEST Bad Request,com.project.spboard.core.dto.ApiResponse@404ecb8b,[]> 
[1;35m02-06 18:02:01[0;39m [[1;33mINFO [0;39m] [36mc.p.s.c.l.LoggingAspect.logAround[0;39m - [97mmethod name = [1;32mMemberController[97m.[1;94mlogin 
[1;35m02-06 18:02:01[0;39m [[1;33mINFO [0;39m] [36mc.p.s.c.l.LoggingAspect.logAround[0;39m - [97mparameter type = [1;93mLoginReqDto [97mvalue = [1;94mLoginReqDto(email=email, password=password) 
[1;35m02-06 18:02:01[0;39m [[1;33mINFO [0;39m] [36mc.p.s.c.l.LoggingAspect.logAround[0;39m - [97mreturn type = [1;93mResponseEntity [97mvalue = [1;94m<200 OK OK,com.project.spboard.core.dto.ApiResponse@5af91c1,[]> 
[1;35m02-06 18:03:55[0;39m [[1;33mINFO [0;39m] [36mc.p.s.c.l.LoggingAspect.logAround[0;39m - [97mmethod name = [1;32mMemberController[97m.[1;94mlogin 
[1;35m02-06 18:03:55[0;39m [[1;33mINFO [0;39m] [36mc.p.s.c.l.LoggingAspect.logAround[0;39m - [97mparameter type = [1;93mLoginReqDto [97mvalue = [1;94mLoginReqDto(email=email, password=password) 
[1;35m02-06 18:03:55[0;39m [[1;33mINFO [0;39m] [36mc.p.s.c.l.LoggingAspect.logAround[0;39m - [97mreturn type = [1;93mResponseEntity [97mvalue = [1;94m<200 OK OK,com.project.spboard.core.dto.ApiResponse@1d1a9916,[]> 
[1;35m02-06 18:04:06[0;39m [[1;33mINFO [0;39m] [36mc.p.s.c.l.LoggingAspect.logAround[0;39m - [97mmethod name = [1;32mMemberController[97m.[1;94mlogin 
[1;35m02-06 18:04:06[0;39m [[1;33mINFO [0;39m] [36mc.p.s.c.l.LoggingAspect.logAround[0;39m - [97mparameter type = [1;93mLoginReqDto [97mvalue = [1;94mLoginReqDto(email=email, password=passwor1d) 
[1;35m02-06 18:04:06[0;39m [[1;33mINFO [0;39m] [36mc.p.s.c.l.LoggingAspect.logAround[0;39m - [97mreturn type = [1;93mResponseEntity [97mvalue = [1;94m<400 BAD_REQUEST Bad Request,com.project.spboard.core.dto.ApiResponse@1e86d450,[]> 
[1;35m02-06 18:04:25[0;39m [[1;33mINFO [0;39m] [36mc.p.s.c.l.LoggingAspect.logAround[0;39m - [97mmethod name = [1;32mMemberController[97m.[1;94mlogin 
[1;35m02-06 18:04:25[0;39m [[1;33mINFO [0;39m] [36mc.p.s.c.l.LoggingAspect.logAround[0;39m - [97mparameter type = [1;93mLoginReqDto [97mvalue = [1;94mLoginReqDto(email=email, password=passwor1d) 
[1;35m02-06 18:04:25[0;39m [[1;33mINFO [0;39m] [36mc.p.s.c.l.LoggingAspect.logAround[0;39m - [97mreturn type = [1;93mResponseEntity [97mvalue = [1;94m<400 BAD_REQUEST Bad Request,com.project.spboard.core.dto.ApiResponse@75391b9f,[]> 
[1;35m02-06 18:04:29[0;39m [[1;33mINFO [0;39m] [36mc.p.s.c.l.LoggingAspect.logAround[0;39m - [97mmethod name = [1;32mMemberController[97m.[1;94mlogin 
[1;35m02-06 18:04:29[0;39m [[1;33mINFO [0;39m] [36mc.p.s.c.l.LoggingAspect.logAround[0;39m - [97mparameter type = [1;93mLoginReqDto [97mvalue = [1;94mLoginReqDto(email=email, password=passwor1d) 
[1;35m02-06 18:04:29[0;39m [[1;33mINFO [0;39m] [36mc.p.s.c.l.LoggingAspect.logAround[0;39m - [97mreturn type = [1;93mResponseEntity [97mvalue = [1;94m<400 BAD_REQUEST Bad Request,com.project.spboard.core.dto.ApiResponse@510d3b01,[]> 
[1;35m02-06 18:04:33[0;39m [[1;33mINFO [0;39m] [36mc.p.s.c.l.LoggingAspect.logAround[0;39m - [97mmethod name = [1;32mMemberController[97m.[1;94mlogin 
[1;35m02-06 18:04:33[0;39m [[1;33mINFO [0;39m] [36mc.p.s.c.l.LoggingAspect.logAround[0;39m - [97mparameter type = [1;93mLoginReqDto [97mvalue = [1;94mLoginReqDto(email=email, password=password) 
[1;35m02-06 18:04:33[0;39m [[1;33mINFO [0;39m] [36mc.p.s.c.l.LoggingAspect.logAround[0;39m - [97mreturn type = [1;93mResponseEntity [97mvalue = [1;94m<200 OK OK,com.project.spboard.core.dto.ApiResponse@42071947,[]> 
[1;35m02-06 18:05:19[0;39m [[1;33mINFO [0;39m] [36mc.p.s.c.l.LoggingAspect.logAround[0;39m - [97mmethod name = [1;32mMemberController[97m.[1;94mlogin 
[1;35m02-06 18:05:19[0;39m [[1;33mINFO [0;39m] [36mc.p.s.c.l.LoggingAspect.logAround[0;39m - [97mparameter type = [1;93mLoginReqDto [97mvalue = [1;94mLoginReqDto(email=email, password=passwor2d) 
[1;35m02-06 18:05:19[0;39m [[1;33mINFO [0;39m] [36mc.p.s.c.l.LoggingAspect.logAround[0;39m - [97mreturn type = [1;93mResponseEntity [97mvalue = [1;94m<400 BAD_REQUEST Bad Request,com.project.spboard.core.dto.ApiResponse@5f7371bf,[]> 
[1;35m02-06 18:05:22[0;39m [[1;33mINFO [0;39m] [36mc.p.s.c.l.LoggingAspect.logAround[0;39m - [97mmethod name = [1;32mMemberController[97m.[1;94mlogin 
[1;35m02-06 18:05:22[0;39m [[1;33mINFO [0;39m] [36mc.p.s.c.l.LoggingAspect.logAround[0;39m - [97mparameter type = [1;93mLoginReqDto [97mvalue = [1;94mLoginReqDto(email=email, password=password) 
[1;35m02-06 18:05:22[0;39m [[1;33mINFO [0;39m] [36mc.p.s.c.l.LoggingAspect.logAround[0;39m - [97mreturn type = [1;93mResponseEntity [97mvalue = [1;94m<200 OK OK,com.project.spboard.core.dto.ApiResponse@9c3807a,[]> 
[1;35m02-06 18:05:27[0;39m [[1;33mINFO [0;39m] [36mc.p.s.c.l.LoggingAspect.logAround[0;39m - [97mmethod name = [1;32mMemberController[97m.[1;94mjoin 
[1;35m02-06 18:05:27[0;39m [[1;33mINFO [0;39m] [36mc.p.s.c.l.LoggingAspect.logAround[0;39m - [97mparameter type = [1;93mJoinReqDto [97mvalue = [1;94mJoinReqDto(email=email, password=password, name=name) 
[1;35m02-06 18:05:27[0;39m [[1;33mERROR[0;39m] [36mo.h.e.j.s.SqlExceptionHelper.logExceptions[0;39m - Unique index or primary key violation: "PUBLIC.UKMBMCQELTY0FBRVXP1Q58DN57T_INDEX_8 ON PUBLIC.MEMBER(EMAIL NULLS FIRST) VALUES ( /* 1 */ 'email' )"; SQL statement:
insert into member (created_at,email,modified_at,name,password,role,id) values (?,?,?,?,?,?,?) [23505-232] 
[1;35m02-06 18:05:27[0;39m [[1;33mINFO [0;39m] [36mc.p.s.c.l.LoggingAspect.logAround[0;39m - [97mreturn type = [1;93mResponseEntity [97mvalue = [1;94m<500 INTERNAL_SERVER_ERROR Internal Server Error,com.project.spboard.core.dto.ApiResponse@306e8a68,[]> 
[1;35m02-06 18:16:02[0;39m [[1;33mINFO [0;39m] [36mc.p.s.SpboardApplication.logStarting[0;39m - Starting SpboardApplication using Java 17.0.12 with PID 28924 (C:\Users\ysha0\git\SpringBoard-server\build\classes\java\main started by ysha0 in C:\Users\ysha0\git\SpringBoard-server) 
[1;35m02-06 18:16:02[0;39m [[1;33mINFO [0;39m] [36mc.p.s.SpboardApplication.logStartupProfileInfo[0;39m - The following 1 profile is active: "local" 
[1;35m02-06 18:16:17[0;39m [[1;33mINFO [0;39m] [36mc.p.s.SpboardApplication.logStarted[0;39m - Started SpboardApplication in 15.597 seconds (process running for 16.423) 
[1;35m02-06 18:16:21[0;39m [[1;33mINFO [0;39m] [36mc.p.s.c.l.LoggingAspect.logAround[0;39m - [97mmethod name = [1;32mMemberController[97m.[1;94mjoin 
[1;35m02-06 18:16:21[0;39m [[1;33mINFO [0;39m] [36mc.p.s.c.l.LoggingAspect.logAround[0;39m - [97mparameter type = [1;93mJoinReqDto [97mvalue = [1;94mJoinReqDto(email=email, password=password, name=name) 
[1;35m02-06 18:16:21[0;39m [[1;33mINFO [0;39m] [36mc.p.s.c.l.LoggingAspect.logAround[0;39m - [97mreturn type = [1;93mResponseEntity [97mvalue = [1;94m<200 OK OK,com.project.spboard.core.dto.ApiResponse@3fad81cb,[]> 
[1;35m02-06 18:16:39[0;39m [[1;33mINFO [0;39m] [36mc.p.s.c.l.LoggingAspect.logAround[0;39m - [97mmethod name = [1;32mMemberController[97m.[1;94mlogin 
[1;35m02-06 18:16:39[0;39m [[1;33mINFO [0;39m] [36mc.p.s.c.l.LoggingAspect.logAround[0;39m - [97mparameter type = [1;93mLoginReqDto [97mvalue = [1;94mLoginReqDto(email=email, password=password) 
[1;35m02-06 18:16:40[0;39m [[1;33mINFO [0;39m] [36mc.p.s.c.l.LoggingAspect.logAround[0;39m - [97mreturn type = [1;93mResponseEntity [97mvalue = [1;94m<400 BAD_REQUEST Bad Request,com.project.spboard.core.dto.ApiResponse@6fe1720c,[]> 
